TN:testing
SF:/usr/include/c++/11/bits/move.h
FN:104,_ZSt4moveIRPPdEONSt16remove_referenceIT_E4typeEOS4_
FNDA:6,_ZSt4moveIRPPdEONSt16remove_referenceIT_E4typeEOS4_
FN:104,_ZSt4moveIRiEONSt16remove_referenceIT_E4typeEOS2_
FNDA:12,_ZSt4moveIRiEONSt16remove_referenceIT_E4typeEOS2_
FN:196,_ZSt4swapIPPdENSt9enable_ifIXsrSt6__and_IJSt6__not_ISt15__is_tuple_likeIT_EESt21is_move_constructibleIS6_ESt18is_move_assignableIS6_EEE5valueEvE4typeERS6_SG_
FNDA:2,_ZSt4swapIPPdENSt9enable_ifIXsrSt6__and_IJSt6__not_ISt15__is_tuple_likeIT_EESt21is_move_constructibleIS6_ESt18is_move_assignableIS6_EEE5valueEvE4typeERS6_SG_
FN:196,_ZSt4swapIiENSt9enable_ifIXsrSt6__and_IJSt6__not_ISt15__is_tuple_likeIT_EESt21is_move_constructibleIS4_ESt18is_move_assignableIS4_EEE5valueEvE4typeERS4_SE_
FNDA:4,_ZSt4swapIiENSt9enable_ifIXsrSt6__and_IJSt6__not_ISt15__is_tuple_likeIT_EESt21is_move_constructibleIS4_ESt18is_move_assignableIS4_EEE5valueEvE4typeERS4_SE_
DA:104,6
DA:105,6
DA:104,12
DA:105,12
DA:196,2
DA:204,2
DA:205,2
DA:206,2
DA:207,2
DA:196,4
DA:204,4
DA:205,4
DA:206,4
DA:207,4
end_of_record
SF:/usr/include/c++/11/bits/exception.h
FN:64,_ZNSt9exceptionC2Ev
FNDA:34,_ZNSt9exceptionC2Ev
DA:64,34
end_of_record
SF:/home/sasha/Desktop/CPP1_s21_matrixplus-1/src/s21_matrix_oop.cpp
FN:3,_ZN9S21MatrixC2Ev
FNDA:1,_ZN9S21MatrixC2Ev
FN:15,_ZN9S21MatrixC2Eii
FNDA:29,_ZN9S21MatrixC2Eii
FN:30,_ZN9S21MatrixD2Ev
FNDA:36,_ZN9S21MatrixD2Ev
FN:42,_ZN9S21MatrixC2ERKS_
FNDA:5,_ZN9S21MatrixC2ERKS_
FN:56,_ZN9S21MatrixC2EOS_
FNDA:2,_ZN9S21MatrixC2EOS_
FN:63,_ZN9S21Matrix7getrowsEv
FNDA:79,_ZN9S21Matrix7getrowsEv
FN:65,_ZN9S21Matrix7getcolsEv
FNDA:337,_ZN9S21Matrix7getcolsEv
FN:67,_ZN9S21Matrix9getmatrixEv
FNDA:202,_ZN9S21Matrix9getmatrixEv
FN:69,_ZN9S21Matrix8EqMatrixERKS_
FNDA:5,_ZN9S21Matrix8EqMatrixERKS_
FN:88,_ZN9S21Matrix9SumMatrixERKS_
FNDA:5,_ZN9S21Matrix9SumMatrixERKS_
FN:101,_ZN9S21Matrix9SubMatrixERKS_
FNDA:5,_ZN9S21Matrix9SubMatrixERKS_
FN:114,_ZN9S21Matrix9MulNumberEd
FNDA:6,_ZN9S21Matrix9MulNumberEd
FN:125,_ZN9S21Matrix9MulMatrixERKS_
FNDA:5,_ZN9S21Matrix9MulMatrixERKS_
FN:160,_ZN9S21Matrix9TransposeEv
FNDA:2,_ZN9S21Matrix9TransposeEv
FN:173,_ZN9S21Matrix15CalcComplementsEv
FNDA:4,_ZN9S21Matrix15CalcComplementsEv
FN:215,_ZN9S21Matrix11DeterminantEv
FNDA:21,_ZN9S21Matrix11DeterminantEv
FN:252,_ZN9S21Matrix13InverseMatrixEv
FNDA:4,_ZN9S21Matrix13InverseMatrixEv
FN:270,_ZN9S21MatrixaSERKS_
FNDA:6,_ZN9S21MatrixaSERKS_
FN:294,_ZN9S21MatrixclEii
FNDA:3,_ZN9S21MatrixclEii
FN:304,_ZplRK9S21MatrixS1_
FNDA:3,_ZplRK9S21MatrixS1_
FN:315,_ZmiRK9S21MatrixS1_
FNDA:3,_ZmiRK9S21MatrixS1_
FN:326,_ZmlR9S21MatrixRKS_
FNDA:3,_ZmlR9S21MatrixRKS_
FN:337,_ZmlRK9S21Matrixd
FNDA:2,_ZmlRK9S21Matrixd
FN:346,_ZeqR9S21MatrixRKS_
FNDA:3,_ZeqR9S21MatrixRKS_
FN:354,_ZpLR9S21MatrixRKS_
FNDA:3,_ZpLR9S21MatrixRKS_
FN:364,_ZmIR9S21MatrixRKS_
FNDA:3,_ZmIR9S21MatrixRKS_
FN:374,_ZmLR9S21MatrixRKS_
FNDA:3,_ZmLR9S21MatrixRKS_
FN:384,_ZmLR9S21Matrixd
FNDA:3,_ZmLR9S21Matrixd
DA:3,1
DA:4,1
DA:5,1
DA:6,1
DA:7,4
DA:8,3
DA:9,12
DA:10,9
DA:13,1
DA:15,29
DA:16,29
DA:17,1
DA:19,28
DA:20,90
DA:21,62
DA:22,214
DA:23,152
DA:26,28
DA:27,28
DA:28,28
DA:30,36
DA:31,36
DA:32,114
DA:33,80
DA:35,34
DA:37,36
DA:38,36
DA:39,36
DA:40,36
DA:42,5
DA:43,5
DA:44,5
DA:45,15
DA:46,20
DA:47,15
DA:49,20
DA:50,60
DA:51,45
DA:54,5
DA:56,2
DA:57,2
DA:58,2
DA:59,2
DA:60,2
DA:61,2
DA:63,79
DA:65,337
DA:67,202
DA:69,5
DA:70,5
DA:71,5
DA:72,1
DA:73,4
DA:74,1
DA:76,4
DA:77,12
DA:78,36
DA:79,27
DA:80,9
DA:85,4
DA:88,5
DA:89,5
DA:90,1
DA:91,4
DA:92,1
DA:94,12
DA:95,36
DA:96,27
DA:99,3
DA:101,5
DA:102,5
DA:103,1
DA:104,4
DA:105,1
DA:107,12
DA:108,36
DA:109,27
DA:112,3
DA:114,6
DA:115,6
DA:116,1
DA:118,20
DA:119,60
DA:120,45
DA:123,5
DA:125,5
DA:126,5
DA:127,1
DA:128,4
DA:129,1
DA:131,3
DA:132,12
DA:133,36
DA:134,108
DA:135,81
DA:139,3
DA:140,12
DA:141,9
DA:142,9
DA:145,3
DA:147,3
DA:148,3
DA:149,3
DA:150,12
DA:151,9
DA:153,12
DA:154,36
DA:155,27
DA:158,3
DA:160,2
DA:161,2
DA:162,1
DA:164,1
DA:165,4
DA:166,12
DA:167,9
DA:170,1
DA:173,4
DA:174,4
DA:175,1
DA:177,3
DA:178,1
DA:180,2
DA:181,2
DA:182,1
DA:184,4
DA:185,12
DA:186,9
DA:187,9
DA:188,9
DA:189,36
DA:190,27
DA:191,9
DA:193,18
DA:194,72
DA:195,54
DA:196,18
DA:198,36
DA:203,9
DA:204,9
DA:205,4
DA:207,5
DA:209,9
DA:212,2
DA:213,0
DA:215,21
DA:216,21
DA:217,21
DA:218,1
DA:220,20
DA:221,1
DA:223,19
DA:224,16
DA:225,3
DA:226,1
DA:228,8
DA:229,6
DA:230,6
DA:231,18
DA:232,12
DA:233,48
DA:234,36
DA:235,12
DA:237,24
DA:241,6
DA:242,6
DA:243,2
DA:245,4
DA:247,6
DA:249,19
DA:252,4
DA:253,4
DA:254,1
DA:256,3
DA:257,1
DA:259,2
DA:260,2
DA:261,1
DA:263,1
DA:264,1
DA:265,1
DA:266,1
DA:267,1
DA:268,0
DA:270,6
DA:271,6
DA:272,1
DA:274,5
DA:275,20
DA:276,15
DA:278,5
DA:280,5
DA:281,5
DA:282,5
DA:283,20
DA:284,15
DA:286,20
DA:287,60
DA:288,45
DA:291,5
DA:294,3
DA:295,3
DA:296,1
DA:298,2
DA:299,1
DA:301,1
DA:304,3
DA:305,3
DA:306,1
DA:307,2
DA:308,1
DA:310,1
DA:311,1
DA:312,1
DA:313,0
DA:315,3
DA:316,3
DA:317,1
DA:318,2
DA:319,1
DA:321,1
DA:322,1
DA:323,1
DA:324,0
DA:326,3
DA:327,3
DA:328,1
DA:329,2
DA:330,1
DA:332,1
DA:333,1
DA:334,1
DA:335,0
DA:337,2
DA:338,2
DA:339,1
DA:341,1
DA:342,1
DA:343,1
DA:344,0
DA:346,3
DA:347,3
DA:348,1
DA:350,2
DA:351,2
DA:354,3
DA:355,3
DA:356,1
DA:357,2
DA:358,1
DA:360,1
DA:361,1
DA:364,3
DA:365,3
DA:366,1
DA:367,2
DA:368,1
DA:370,1
DA:371,1
DA:374,3
DA:375,3
DA:376,1
DA:377,2
DA:378,1
DA:380,1
DA:381,1
DA:384,3
DA:385,3
DA:386,1
DA:388,2
DA:389,2
end_of_record
SF:/usr/include/c++/11/iostream
end_of_record
TN:testing
SF:/usr/include/c++/11/ext/alloc_traits.h
FN:97,_ZN9__gnu_cxx14__alloc_traitsISaIcEcE17_S_select_on_copyERKS1_
FNDA:0,_ZN9__gnu_cxx14__alloc_traitsISaIcEcE17_S_select_on_copyERKS1_
DA:97,0
DA:98,0
end_of_record
SF:/usr/include/gtest/internal/gtest-type-util.h
FN:55,_ZN7testing8internal31CanonicalizeForStdLibVersioningENSt7__cxx1112basic_stringIcSt11char_traitsIcESaIcEEE
FNDA:0,_ZN7testing8internal31CanonicalizeForStdLibVersioningENSt7__cxx1112basic_stringIcSt11char_traitsIcESaIcEEE
FN:69,_ZN7testing8internal11GetTypeNameB5cxx11ERKSt9type_info
FNDA:0,_ZN7testing8internal11GetTypeNameB5cxx11ERKSt9type_info
DA:55,0
DA:57,0
DA:58,0
DA:59,0
DA:61,0
DA:64,0
DA:69,0
DA:70,0
DA:72,0
DA:78,0
DA:79,0
DA:80,0
DA:81,0
DA:85,0
end_of_record
SF:/usr/include/c++/11/ext/type_traits.h
FN:152,_ZN9__gnu_cxx17__is_null_pointerIcEEbPT_
FNDA:0,_ZN9__gnu_cxx17__is_null_pointerIcEEbPT_
FN:152,_ZN9__gnu_cxx17__is_null_pointerIKcEEbPT_
FNDA:0,_ZN9__gnu_cxx17__is_null_pointerIKcEEbPT_
DA:152,0
DA:153,0
DA:152,0
DA:153,0
end_of_record
SF:/usr/include/gtest/gtest-message.h
end_of_record
SF:/usr/include/c++/11/bits/basic_string.h
FN:251,_ZNSt7__cxx1112basic_stringIcSt11char_traitsIcESaIcEE16_M_construct_auxIPcEEvT_S7_St12__false_type
FNDA:0,_ZNSt7__cxx1112basic_stringIcSt11char_traitsIcESaIcEE16_M_construct_auxIPcEEvT_S7_St12__false_type
FN:271,_ZNSt7__cxx1112basic_stringIcSt11char_traitsIcESaIcEE12_M_constructIPcEEvT_S7_
FNDA:0,_ZNSt7__cxx1112basic_stringIcSt11char_traitsIcESaIcEE12_M_constructIPcEEvT_S7_
DA:251,0
DA:255,0
DA:256,0
DA:271,0
DA:274,0
DA:275,0
end_of_record
SF:/usr/include/c++/11/bits/char_traits.h
FN:393,_ZNSt11char_traitsIcE6lengthEPKc
FNDA:0,_ZNSt11char_traitsIcE6lengthEPKc
FN:429,_ZNSt11char_traitsIcE4copyEPcPKcm
FNDA:0,_ZNSt11char_traitsIcE4copyEPcPKcm
DA:393,0
DA:399,0
DA:429,0
DA:431,0
DA:432,0
DA:437,0
end_of_record
SF:/usr/include/c++/11/bits/stl_iterator_base_funcs.h
FN:98,_ZSt10__distanceIPcENSt15iterator_traitsIT_E15difference_typeES2_S2_St26random_access_iterator_tag
FNDA:0,_ZSt10__distanceIPcENSt15iterator_traitsIT_E15difference_typeES2_S2_St26random_access_iterator_tag
FN:98,_ZSt10__distanceIPKcENSt15iterator_traitsIT_E15difference_typeES3_S3_St26random_access_iterator_tag
FNDA:0,_ZSt10__distanceIPKcENSt15iterator_traitsIT_E15difference_typeES3_S3_St26random_access_iterator_tag
FN:138,_ZSt8distanceIPcENSt15iterator_traitsIT_E15difference_typeES2_S2_
FNDA:0,_ZSt8distanceIPcENSt15iterator_traitsIT_E15difference_typeES2_S2_
FN:138,_ZSt8distanceIPKcENSt15iterator_traitsIT_E15difference_typeES3_S3_
FNDA:0,_ZSt8distanceIPKcENSt15iterator_traitsIT_E15difference_typeES3_S3_
DA:98,0
DA:104,0
DA:98,0
DA:104,0
DA:138,0
DA:141,0
DA:142,0
DA:138,0
DA:141,0
DA:142,0
end_of_record
SF:/usr/include/gtest/gtest.h
FN:305,_ZN7testing15AssertionResultC2IbEERKT_PNSt9enable_ifIXntsrSt14is_convertibleIS2_S0_E5valueEvE4typeE
FNDA:13,_ZN7testing15AssertionResultC2IbEERKT_PNSt9enable_ifIXntsrSt14is_convertibleIS2_S0_E5valueEvE4typeE
FN:324,_ZNK7testing15AssertionResultcvbEv
FNDA:69,_ZNK7testing15AssertionResultcvbEv
FN:333,_ZNK7testing15AssertionResult7messageEv
FNDA:0,_ZNK7testing15AssertionResult7messageEv
FN:337,_ZNK7testing15AssertionResult15failure_messageEv
FNDA:0,_ZNK7testing15AssertionResult15failure_messageEv
FN:427,_ZN7testing4Test14SetUpTestSuiteEv
FNDA:0,_ZN7testing4Test14SetUpTestSuiteEv
FN:435,_ZN7testing4Test17TearDownTestSuiteEv
FNDA:0,_ZN7testing4Test17TearDownTestSuiteEv
FN:440,_ZN7testing4Test16TearDownTestCaseEv
FNDA:0,_ZN7testing4Test16TearDownTestCaseEv
FN:441,_ZN7testing4Test13SetUpTestCaseEv
FNDA:0,_ZN7testing4Test13SetUpTestCaseEv
FN:522,_ZN7testing4Test5SetupEv
FNDA:0,_ZN7testing4Test5SetupEv
FN:1733,_ZN7testing8internal24CmpHelperFloatingPointEQIfEENS_15AssertionResultEPKcS4_T_S5_
FNDA:56,_ZN7testing8internal24CmpHelperFloatingPointEQIfEENS_15AssertionResultEPKcS4_T_S5_
FN:2489,_Z13RUN_ALL_TESTSv
FNDA:1,_Z13RUN_ALL_TESTSv
DA:305,13
DA:311,13
DA:324,69
DA:333,0
DA:334,0
DA:337,0
DA:427,0
DA:435,0
DA:440,0
DA:441,0
DA:522,0
DA:1733,56
DA:1737,56
DA:1739,56
DA:1740,56
DA:1743,0
DA:1744,0
DA:1745,0
DA:1747,0
DA:1748,0
DA:1749,0
DA:1755,0
DA:1756,0
DA:2489,1
DA:2490,1
end_of_record
SF:/usr/include/c++/11/typeinfo
FN:99,_ZNKSt9type_info4nameEv
FNDA:0,_ZNKSt9type_info4nameEv
DA:99,0
DA:100,0
end_of_record
SF:/usr/include/c++/11/bits/stl_iterator_base_types.h
FN:238,_ZSt19__iterator_categoryIPcENSt15iterator_traitsIT_E17iterator_categoryERKS2_
FNDA:0,_ZSt19__iterator_categoryIPcENSt15iterator_traitsIT_E17iterator_categoryERKS2_
FN:238,_ZSt19__iterator_categoryIPKcENSt15iterator_traitsIT_E17iterator_categoryERKS3_
FNDA:0,_ZSt19__iterator_categoryIPKcENSt15iterator_traitsIT_E17iterator_categoryERKS3_
DA:238,0
DA:239,0
DA:238,0
DA:239,0
end_of_record
SF:/usr/include/c++/11/tuple
FN:80,_ZNSt10_Head_baseILm1ESt14default_deleteINSt7__cxx1112basic_stringIcSt11char_traitsIcESaIcEEEELb1EEC2Ev
FNDA:13,_ZNSt10_Head_baseILm1ESt14default_deleteINSt7__cxx1112basic_stringIcSt11char_traitsIcESaIcEEEELb1EEC2Ev
FN:124,_ZNSt10_Head_baseILm1ESt14default_deleteINSt7__cxx1118basic_stringstreamIcSt11char_traitsIcESaIcEEEELb1EE7_M_headERS8_
FNDA:0,_ZNSt10_Head_baseILm1ESt14default_deleteINSt7__cxx1118basic_stringstreamIcSt11char_traitsIcESaIcEEEELb1EE7_M_headERS8_
FN:124,_ZNSt10_Head_baseILm1ESt14default_deleteINSt7__cxx1112basic_stringIcSt11char_traitsIcESaIcEEEELb1EE7_M_headERS8_
FNDA:0,_ZNSt10_Head_baseILm1ESt14default_deleteINSt7__cxx1112basic_stringIcSt11char_traitsIcESaIcEEEELb1EE7_M_headERS8_
FN:189,_ZNSt10_Head_baseILm0EPNSt7__cxx1112basic_stringIcSt11char_traitsIcESaIcEEELb0EEC2Ev
FNDA:13,_ZNSt10_Head_baseILm0EPNSt7__cxx1112basic_stringIcSt11char_traitsIcESaIcEEELb0EEC2Ev
FN:233,_ZNSt10_Head_baseILm0EPNSt7__cxx1112basic_stringIcSt11char_traitsIcESaIcEEELb0EE7_M_headERS7_
FNDA:69,_ZNSt10_Head_baseILm0EPNSt7__cxx1112basic_stringIcSt11char_traitsIcESaIcEEELb0EE7_M_headERS7_
FN:233,_ZNSt10_Head_baseILm0EPNSt7__cxx1118basic_stringstreamIcSt11char_traitsIcESaIcEEELb0EE7_M_headERS7_
FNDA:0,_ZNSt10_Head_baseILm0EPNSt7__cxx1118basic_stringstreamIcSt11char_traitsIcESaIcEEELb0EE7_M_headERS7_
FN:236,_ZNSt10_Head_baseILm0EPNSt7__cxx1112basic_stringIcSt11char_traitsIcESaIcEEELb0EE7_M_headERKS7_
FNDA:0,_ZNSt10_Head_baseILm0EPNSt7__cxx1112basic_stringIcSt11char_traitsIcESaIcEEELb0EE7_M_headERKS7_
FN:268,_ZNSt11_Tuple_implILm0EJPNSt7__cxx1118basic_stringstreamIcSt11char_traitsIcESaIcEEESt14default_deleteIS5_EEE7_M_headERS9_
FNDA:0,_ZNSt11_Tuple_implILm0EJPNSt7__cxx1118basic_stringstreamIcSt11char_traitsIcESaIcEEESt14default_deleteIS5_EEE7_M_headERS9_
FN:268,_ZNSt11_Tuple_implILm0EJPNSt7__cxx1112basic_stringIcSt11char_traitsIcESaIcEEESt14default_deleteIS5_EEE7_M_headERS9_
FNDA:69,_ZNSt11_Tuple_implILm0EJPNSt7__cxx1112basic_stringIcSt11char_traitsIcESaIcEEESt14default_deleteIS5_EEE7_M_headERS9_
FN:271,_ZNSt11_Tuple_implILm0EJPNSt7__cxx1112basic_stringIcSt11char_traitsIcESaIcEEESt14default_deleteIS5_EEE7_M_headERKS9_
FNDA:0,_ZNSt11_Tuple_implILm0EJPNSt7__cxx1112basic_stringIcSt11char_traitsIcESaIcEEESt14default_deleteIS5_EEE7_M_headERKS9_
FN:279,_ZNSt11_Tuple_implILm0EJPNSt7__cxx1112basic_stringIcSt11char_traitsIcESaIcEEESt14default_deleteIS5_EEEC2Ev
FNDA:13,_ZNSt11_Tuple_implILm0EJPNSt7__cxx1112basic_stringIcSt11char_traitsIcESaIcEEESt14default_deleteIS5_EEEC2Ev
FN:424,_ZNSt11_Tuple_implILm1EJSt14default_deleteINSt7__cxx1118basic_stringstreamIcSt11char_traitsIcESaIcEEEEEE7_M_headERS8_
FNDA:0,_ZNSt11_Tuple_implILm1EJSt14default_deleteINSt7__cxx1118basic_stringstreamIcSt11char_traitsIcESaIcEEEEEE7_M_headERS8_
FN:424,_ZNSt11_Tuple_implILm1EJSt14default_deleteINSt7__cxx1112basic_stringIcSt11char_traitsIcESaIcEEEEEE7_M_headERS8_
FNDA:0,_ZNSt11_Tuple_implILm1EJSt14default_deleteINSt7__cxx1112basic_stringIcSt11char_traitsIcESaIcEEEEEE7_M_headERS8_
FN:430,_ZNSt11_Tuple_implILm1EJSt14default_deleteINSt7__cxx1112basic_stringIcSt11char_traitsIcESaIcEEEEEEC2Ev
FNDA:13,_ZNSt11_Tuple_implILm1EJSt14default_deleteINSt7__cxx1112basic_stringIcSt11char_traitsIcESaIcEEEEEEC2Ev
FN:1053,_ZNSt5tupleIJPNSt7__cxx1112basic_stringIcSt11char_traitsIcESaIcEEESt14default_deleteIS5_EEEC2ILb1ELb1EEEv
FNDA:13,_ZNSt5tupleIJPNSt7__cxx1112basic_stringIcSt11char_traitsIcESaIcEEESt14default_deleteIS5_EEEC2ILb1ELb1EEEv
FN:1381,_ZSt12__get_helperILm1ESt14default_deleteINSt7__cxx1112basic_stringIcSt11char_traitsIcESaIcEEEEJEERT0_RSt11_Tuple_implIXT_EJS8_DpT1_EE
FNDA:0,_ZSt12__get_helperILm1ESt14default_deleteINSt7__cxx1112basic_stringIcSt11char_traitsIcESaIcEEEEJEERT0_RSt11_Tuple_implIXT_EJS8_DpT1_EE
FN:1381,_ZSt12__get_helperILm0EPNSt7__cxx1118basic_stringstreamIcSt11char_traitsIcESaIcEEEJSt14default_deleteIS5_EEERT0_RSt11_Tuple_implIXT_EJS9_DpT1_EE
FNDA:0,_ZSt12__get_helperILm0EPNSt7__cxx1118basic_stringstreamIcSt11char_traitsIcESaIcEEEJSt14default_deleteIS5_EEERT0_RSt11_Tuple_implIXT_EJS9_DpT1_EE
FN:1381,_ZSt12__get_helperILm0EPNSt7__cxx1112basic_stringIcSt11char_traitsIcESaIcEEEJSt14default_deleteIS5_EEERT0_RSt11_Tuple_implIXT_EJS9_DpT1_EE
FNDA:69,_ZSt12__get_helperILm0EPNSt7__cxx1112basic_stringIcSt11char_traitsIcESaIcEEEJSt14default_deleteIS5_EEERT0_RSt11_Tuple_implIXT_EJS9_DpT1_EE
FN:1381,_ZSt12__get_helperILm1ESt14default_deleteINSt7__cxx1118basic_stringstreamIcSt11char_traitsIcESaIcEEEEJEERT0_RSt11_Tuple_implIXT_EJS8_DpT1_EE
FNDA:0,_ZSt12__get_helperILm1ESt14default_deleteINSt7__cxx1118basic_stringstreamIcSt11char_traitsIcESaIcEEEEJEERT0_RSt11_Tuple_implIXT_EJS8_DpT1_EE
FN:1386,_ZSt12__get_helperILm0EPNSt7__cxx1112basic_stringIcSt11char_traitsIcESaIcEEEJSt14default_deleteIS5_EEERKT0_RKSt11_Tuple_implIXT_EJS9_DpT1_EE
FNDA:0,_ZSt12__get_helperILm0EPNSt7__cxx1112basic_stringIcSt11char_traitsIcESaIcEEEJSt14default_deleteIS5_EEERKT0_RKSt11_Tuple_implIXT_EJS9_DpT1_EE
FN:1397,_ZSt3getILm1EJPNSt7__cxx1118basic_stringstreamIcSt11char_traitsIcESaIcEEESt14default_deleteIS5_EEERNSt13tuple_elementIXT_ESt5tupleIJDpT0_EEE4typeERSD_
FNDA:0,_ZSt3getILm1EJPNSt7__cxx1118basic_stringstreamIcSt11char_traitsIcESaIcEEESt14default_deleteIS5_EEERNSt13tuple_elementIXT_ESt5tupleIJDpT0_EEE4typeERSD_
FN:1397,_ZSt3getILm1EJPNSt7__cxx1112basic_stringIcSt11char_traitsIcESaIcEEESt14default_deleteIS5_EEERNSt13tuple_elementIXT_ESt5tupleIJDpT0_EEE4typeERSD_
FNDA:0,_ZSt3getILm1EJPNSt7__cxx1112basic_stringIcSt11char_traitsIcESaIcEEESt14default_deleteIS5_EEERNSt13tuple_elementIXT_ESt5tupleIJDpT0_EEE4typeERSD_
FN:1397,_ZSt3getILm0EJPNSt7__cxx1112basic_stringIcSt11char_traitsIcESaIcEEESt14default_deleteIS5_EEERNSt13tuple_elementIXT_ESt5tupleIJDpT0_EEE4typeERSD_
FNDA:69,_ZSt3getILm0EJPNSt7__cxx1112basic_stringIcSt11char_traitsIcESaIcEEESt14default_deleteIS5_EEERNSt13tuple_elementIXT_ESt5tupleIJDpT0_EEE4typeERSD_
FN:1397,_ZSt3getILm0EJPNSt7__cxx1118basic_stringstreamIcSt11char_traitsIcESaIcEEESt14default_deleteIS5_EEERNSt13tuple_elementIXT_ESt5tupleIJDpT0_EEE4typeERSD_
FNDA:0,_ZSt3getILm0EJPNSt7__cxx1118basic_stringstreamIcSt11char_traitsIcESaIcEEESt14default_deleteIS5_EEERNSt13tuple_elementIXT_ESt5tupleIJDpT0_EEE4typeERSD_
FN:1403,_ZSt3getILm0EJPNSt7__cxx1112basic_stringIcSt11char_traitsIcESaIcEEESt14default_deleteIS5_EEERKNSt13tuple_elementIXT_ESt5tupleIJDpT0_EEE4typeERKSD_
FNDA:0,_ZSt3getILm0EJPNSt7__cxx1112basic_stringIcSt11char_traitsIcESaIcEEESt14default_deleteIS5_EEERKNSt13tuple_elementIXT_ESt5tupleIJDpT0_EEE4typeERKSD_
DA:80,13
DA:81,13
DA:124,0
DA:124,0
DA:189,13
DA:190,13
DA:233,69
DA:233,0
DA:236,0
DA:268,69
DA:268,0
DA:271,0
DA:279,13
DA:280,13
DA:424,0
DA:424,0
DA:430,13
DA:431,13
DA:1053,13
DA:1055,13
DA:1381,0
DA:1382,0
DA:1381,0
DA:1382,0
DA:1381,69
DA:1382,69
DA:1381,0
DA:1382,0
DA:1386,0
DA:1387,0
DA:1397,0
DA:1398,0
DA:1397,0
DA:1398,0
DA:1397,69
DA:1398,69
DA:1397,0
DA:1398,0
DA:1403,0
DA:1404,0
end_of_record
SF:/usr/include/c++/11/bits/basic_string.tcc
FN:206,_ZNSt7__cxx1112basic_stringIcSt11char_traitsIcESaIcEE12_M_constructIPcEEvT_S7_St20forward_iterator_tag
FNDA:0,_ZNSt7__cxx1112basic_stringIcSt11char_traitsIcESaIcEE12_M_constructIPcEEvT_S7_St20forward_iterator_tag
FN:206,_ZNSt7__cxx1112basic_stringIcSt11char_traitsIcESaIcEE12_M_constructIPKcEEvT_S8_St20forward_iterator_tag
FNDA:0,_ZNSt7__cxx1112basic_stringIcSt11char_traitsIcESaIcEE12_M_constructIPKcEEvT_S8_St20forward_iterator_tag
FN:1169,_ZStplIcSt11char_traitsIcESaIcEENSt7__cxx1112basic_stringIT_T0_T1_EEPKS5_RKS8_
FNDA:0,_ZStplIcSt11char_traitsIcESaIcEENSt7__cxx1112basic_stringIT_T0_T1_EEPKS5_RKS8_
DA:206,0
DA:211,0
DA:212,0
DA:215,0
DA:217,0
DA:219,0
DA:220,0
DA:225,0
DA:226,0
DA:228,0
DA:229,0
DA:232,0
DA:233,0
DA:206,0
DA:211,0
DA:212,0
DA:215,0
DA:217,0
DA:219,0
DA:220,0
DA:225,0
DA:226,0
DA:228,0
DA:229,0
DA:232,0
DA:233,0
DA:1169,0
DA:1178,0
DA:1179,0
DA:1181,0
DA:1182,0
DA:1183,0
DA:1184,0
DA:1185,0
end_of_record
SF:/usr/include/c++/11/iomanip
FN:195,_ZSt12setprecisioni
FNDA:0,_ZSt12setprecisioni
DA:195,0
DA:196,0
end_of_record
SF:/usr/include/c++/11/bits/alloc_traits.h
FN:562,_ZNSt16allocator_traitsISaIcEE37select_on_container_copy_constructionERKS0_
FNDA:0,_ZNSt16allocator_traitsISaIcEE37select_on_container_copy_constructionERKS0_
DA:562,0
DA:563,0
end_of_record
SF:/usr/include/gtest/internal/gtest-port.h
FN:977,_ZN7testing8internal8GTestLog9GetStreamEv
FNDA:0,_ZN7testing8internal8GTestLog9GetStreamEv
DA:977,0
end_of_record
SF:/usr/include/c++/11/ext/new_allocator.h
FN:79,_ZN9__gnu_cxx13new_allocatorIcEC2Ev
FNDA:0,_ZN9__gnu_cxx13new_allocatorIcEC2Ev
FN:82,_ZN9__gnu_cxx13new_allocatorIcEC2ERKS1_
FNDA:0,_ZN9__gnu_cxx13new_allocatorIcEC2ERKS1_
FN:89,_ZN9__gnu_cxx13new_allocatorIcED2Ev
FNDA:0,_ZN9__gnu_cxx13new_allocatorIcED2Ev
DA:79,0
DA:82,0
DA:89,0
end_of_record
SF:/usr/include/c++/11/bits/move.h
FN:104,_ZSt4moveIRPNSt7__cxx1112basic_stringIcSt11char_traitsIcESaIcEEEEONSt16remove_referenceIT_E4typeEOS9_
FNDA:0,_ZSt4moveIRPNSt7__cxx1112basic_stringIcSt11char_traitsIcESaIcEEEEONSt16remove_referenceIT_E4typeEOS9_
FN:104,_ZSt4moveIRPNSt7__cxx1118basic_stringstreamIcSt11char_traitsIcESaIcEEEEONSt16remove_referenceIT_E4typeEOS9_
FNDA:0,_ZSt4moveIRPNSt7__cxx1118basic_stringstreamIcSt11char_traitsIcESaIcEEEEONSt16remove_referenceIT_E4typeEOS9_
FN:104,_ZSt4moveIRSaIcEEONSt16remove_referenceIT_E4typeEOS3_
FNDA:0,_ZSt4moveIRSaIcEEONSt16remove_referenceIT_E4typeEOS3_
FN:104,_ZSt4moveIR9S21MatrixEONSt16remove_referenceIT_E4typeEOS3_
FNDA:2,_ZSt4moveIR9S21MatrixEONSt16remove_referenceIT_E4typeEOS3_
DA:104,0
DA:105,0
DA:104,0
DA:105,0
DA:104,0
DA:105,0
DA:104,2
DA:105,2
end_of_record
SF:/usr/include/c++/11/bits/unique_ptr.h
FN:79,_ZNKSt14default_deleteINSt7__cxx1112basic_stringIcSt11char_traitsIcESaIcEEEEclEPS5_
FNDA:0,_ZNKSt14default_deleteINSt7__cxx1112basic_stringIcSt11char_traitsIcESaIcEEEEclEPS5_
FN:79,_ZNKSt14default_deleteINSt7__cxx1118basic_stringstreamIcSt11char_traitsIcESaIcEEEEclEPS5_
FNDA:0,_ZNKSt14default_deleteINSt7__cxx1118basic_stringstreamIcSt11char_traitsIcESaIcEEEEclEPS5_
FN:154,_ZNSt15__uniq_ptr_implINSt7__cxx1112basic_stringIcSt11char_traitsIcESaIcEEESt14default_deleteIS5_EEC2Ev
FNDA:13,_ZNSt15__uniq_ptr_implINSt7__cxx1112basic_stringIcSt11char_traitsIcESaIcEEESt14default_deleteIS5_EEC2Ev
FN:172,_ZNSt15__uniq_ptr_implINSt7__cxx1112basic_stringIcSt11char_traitsIcESaIcEEESt14default_deleteIS5_EE6_M_ptrEv
FNDA:69,_ZNSt15__uniq_ptr_implINSt7__cxx1112basic_stringIcSt11char_traitsIcESaIcEEESt14default_deleteIS5_EE6_M_ptrEv
FN:172,_ZNSt15__uniq_ptr_implINSt7__cxx1118basic_stringstreamIcSt11char_traitsIcESaIcEEESt14default_deleteIS5_EE6_M_ptrEv
FNDA:0,_ZNSt15__uniq_ptr_implINSt7__cxx1118basic_stringstreamIcSt11char_traitsIcESaIcEEESt14default_deleteIS5_EE6_M_ptrEv
FN:173,_ZNKSt15__uniq_ptr_implINSt7__cxx1112basic_stringIcSt11char_traitsIcESaIcEEESt14default_deleteIS5_EE6_M_ptrEv
FNDA:0,_ZNKSt15__uniq_ptr_implINSt7__cxx1112basic_stringIcSt11char_traitsIcESaIcEEESt14default_deleteIS5_EE6_M_ptrEv
FN:174,_ZNSt15__uniq_ptr_implINSt7__cxx1112basic_stringIcSt11char_traitsIcESaIcEEESt14default_deleteIS5_EE10_M_deleterEv
FNDA:0,_ZNSt15__uniq_ptr_implINSt7__cxx1112basic_stringIcSt11char_traitsIcESaIcEEESt14default_deleteIS5_EE10_M_deleterEv
FN:174,_ZNSt15__uniq_ptr_implINSt7__cxx1118basic_stringstreamIcSt11char_traitsIcESaIcEEESt14default_deleteIS5_EE10_M_deleterEv
FNDA:0,_ZNSt15__uniq_ptr_implINSt7__cxx1118basic_stringstreamIcSt11char_traitsIcESaIcEEESt14default_deleteIS5_EE10_M_deleterEv
FN:269,_ZNSt10unique_ptrINSt7__cxx1112basic_stringIcSt11char_traitsIcESaIcEEESt14default_deleteIS5_EEC2IS7_vEEv
FNDA:13,_ZNSt10unique_ptrINSt7__cxx1112basic_stringIcSt11char_traitsIcESaIcEEESt14default_deleteIS5_EEC2IS7_vEEv
FN:355,_ZNSt10unique_ptrINSt7__cxx1112basic_stringIcSt11char_traitsIcESaIcEEESt14default_deleteIS5_EED2Ev
FNDA:69,_ZNSt10unique_ptrINSt7__cxx1112basic_stringIcSt11char_traitsIcESaIcEEESt14default_deleteIS5_EED2Ev
FN:355,_ZNSt10unique_ptrINSt7__cxx1118basic_stringstreamIcSt11char_traitsIcESaIcEEESt14default_deleteIS5_EED2Ev
FNDA:0,_ZNSt10unique_ptrINSt7__cxx1118basic_stringstreamIcSt11char_traitsIcESaIcEEESt14default_deleteIS5_EED2Ev
FN:413,_ZNKSt10unique_ptrINSt7__cxx1112basic_stringIcSt11char_traitsIcESaIcEEESt14default_deleteIS5_EEptEv
FNDA:0,_ZNKSt10unique_ptrINSt7__cxx1112basic_stringIcSt11char_traitsIcESaIcEEESt14default_deleteIS5_EEptEv
FN:421,_ZNKSt10unique_ptrINSt7__cxx1112basic_stringIcSt11char_traitsIcESaIcEEESt14default_deleteIS5_EE3getEv
FNDA:0,_ZNKSt10unique_ptrINSt7__cxx1112basic_stringIcSt11char_traitsIcESaIcEEESt14default_deleteIS5_EE3getEv
FN:426,_ZNSt10unique_ptrINSt7__cxx1112basic_stringIcSt11char_traitsIcESaIcEEESt14default_deleteIS5_EE11get_deleterEv
FNDA:0,_ZNSt10unique_ptrINSt7__cxx1112basic_stringIcSt11char_traitsIcESaIcEEESt14default_deleteIS5_EE11get_deleterEv
FN:426,_ZNSt10unique_ptrINSt7__cxx1118basic_stringstreamIcSt11char_traitsIcESaIcEEESt14default_deleteIS5_EE11get_deleterEv
FNDA:0,_ZNSt10unique_ptrINSt7__cxx1118basic_stringstreamIcSt11char_traitsIcESaIcEEESt14default_deleteIS5_EE11get_deleterEv
DA:79,0
DA:85,0
DA:86,0
DA:79,0
DA:85,0
DA:86,0
DA:154,13
DA:172,69
DA:172,0
DA:173,0
DA:174,0
DA:174,0
DA:269,13
DA:270,13
DA:271,13
DA:355,69
DA:359,69
DA:360,69
DA:361,0
DA:362,69
DA:363,69
DA:355,0
DA:359,0
DA:360,0
DA:361,0
DA:362,0
DA:363,0
DA:413,0
DA:416,0
DA:421,0
DA:422,0
DA:426,0
DA:427,0
DA:426,0
DA:427,0
end_of_record
SF:/usr/include/c++/11/iostream
end_of_record
SF:/home/sasha/Desktop/CPP1_s21_matrixplus-1/src/test.cpp
FN:6,_ZN16arif_arif_1_TestC2Ev
FNDA:1,_ZN16arif_arif_1_TestC2Ev
FN:6,_ZN16arif_arif_1_TestD0Ev
FNDA:1,_ZN16arif_arif_1_TestD0Ev
FN:6,_ZN16arif_arif_1_TestD2Ev
FNDA:1,_ZN16arif_arif_1_TestD2Ev
FN:6,_ZN16arif_arif_1_Test8TestBodyEv
FNDA:1,_ZN16arif_arif_1_Test8TestBodyEv
FN:144,_ZN19throws_throw_1_TestC2Ev
FNDA:1,_ZN19throws_throw_1_TestC2Ev
FN:144,_ZN19throws_throw_1_TestD0Ev
FNDA:1,_ZN19throws_throw_1_TestD0Ev
FN:144,_ZN19throws_throw_1_TestD2Ev
FNDA:1,_ZN19throws_throw_1_TestD2Ev
FN:144,_ZN19throws_throw_1_Test8TestBodyEv
FNDA:1,_ZN19throws_throw_1_Test8TestBodyEv
FN:194,main
FNDA:1,main
DA:6,1
DA:6,1
DA:6,1
DA:6,1
DA:7,1
DA:8,1
DA:9,1
DA:10,1
DA:11,1
DA:12,1
DA:13,1
DA:14,1
DA:15,1
DA:16,1
DA:17,1
DA:18,1
DA:19,1
DA:20,1
DA:21,1
DA:22,1
DA:23,1
DA:24,1
DA:25,1
DA:26,1
DA:27,1
DA:28,1
DA:29,1
DA:30,1
DA:31,1
DA:32,1
DA:33,1
DA:34,1
DA:35,1
DA:36,1
DA:37,1
DA:38,1
DA:39,1
DA:40,4
DA:41,12
DA:42,9
DA:45,1
DA:46,1
DA:47,1
DA:48,1
DA:49,1
DA:50,1
DA:51,1
DA:52,1
DA:53,1
DA:54,1
DA:55,4
DA:56,12
DA:57,9
DA:60,1
DA:61,1
DA:62,4
DA:63,12
DA:64,9
DA:67,1
DA:68,1
DA:69,4
DA:70,12
DA:71,9
DA:74,1
DA:75,1
DA:76,1
DA:77,1
DA:78,4
DA:79,12
DA:80,9
DA:83,1
DA:84,1
DA:85,1
DA:86,1
DA:87,1
DA:88,1
DA:89,1
DA:90,1
DA:91,1
DA:92,1
DA:93,1
DA:94,4
DA:95,12
DA:96,9
DA:99,1
DA:100,1
DA:101,1
DA:102,1
DA:103,1
DA:104,1
DA:105,1
DA:106,1
DA:107,1
DA:108,1
DA:109,1
DA:110,1
DA:111,1
DA:112,1
DA:113,4
DA:114,12
DA:115,9
DA:118,1
DA:119,1
DA:120,1
DA:121,1
DA:122,1
DA:123,1
DA:124,1
DA:125,1
DA:126,1
DA:128,1
DA:129,1
DA:130,1
DA:131,1
DA:132,1
DA:133,1
DA:134,1
DA:135,1
DA:136,1
DA:137,1
DA:138,1
DA:139,2
DA:140,2
DA:141,1
DA:142,1
DA:144,1
DA:144,1
DA:144,1
DA:144,1
DA:145,1
DA:146,1
DA:147,1
DA:148,2
DA:149,1
DA:150,1
DA:151,1
DA:152,1
DA:153,1
DA:154,1
DA:155,1
DA:156,1
DA:157,1
DA:158,1
DA:159,1
DA:160,1
DA:161,1
DA:162,1
DA:163,1
DA:164,1
DA:165,1
DA:166,1
DA:167,1
DA:168,1
DA:169,1
DA:170,1
DA:171,1
DA:172,1
DA:173,1
DA:174,1
DA:175,1
DA:176,1
DA:177,1
DA:178,1
DA:179,1
DA:180,1
DA:181,1
DA:182,1
DA:183,1
DA:184,1
DA:185,1
DA:186,1
DA:187,1
DA:188,1
DA:189,1
DA:190,1
DA:191,1
DA:192,1
DA:194,1
DA:195,1
DA:197,1
end_of_record
SF:/usr/include/gtest/internal/gtest-internal.h
FN:298,_ZN7testing8internal13FloatingPointIfEC2ERKf
FNDA:112,_ZN7testing8internal13FloatingPointIfEC2ERKf
FN:325,_ZNK7testing8internal13FloatingPointIfE13exponent_bitsEv
FNDA:112,_ZNK7testing8internal13FloatingPointIfE13exponent_bitsEv
FN:328,_ZNK7testing8internal13FloatingPointIfE13fraction_bitsEv
FNDA:0,_ZNK7testing8internal13FloatingPointIfE13fraction_bitsEv
FN:334,_ZNK7testing8internal13FloatingPointIfE6is_nanEv
FNDA:112,_ZNK7testing8internal13FloatingPointIfE6is_nanEv
FN:346,_ZNK7testing8internal13FloatingPointIfE12AlmostEqualsERKS2_
FNDA:56,_ZNK7testing8internal13FloatingPointIfE12AlmostEqualsERKS2_
FN:377,_ZN7testing8internal13FloatingPointIfE24SignAndMagnitudeToBiasedERKj
FNDA:112,_ZN7testing8internal13FloatingPointIfE24SignAndMagnitudeToBiasedERKj
FN:389,_ZN7testing8internal13FloatingPointIfE38DistanceBetweenSignAndMagnitudeNumbersERKjS4_
FNDA:56,_ZN7testing8internal13FloatingPointIfE38DistanceBetweenSignAndMagnitudeNumbersERKjS4_
FN:454,_ZN7testing8internal15TestFactoryBaseD2Ev
FNDA:2,_ZN7testing8internal15TestFactoryBaseD2Ev
FN:454,_ZN7testing8internal15TestFactoryBaseD0Ev
FNDA:0,_ZN7testing8internal15TestFactoryBaseD0Ev
FN:461,_ZN7testing8internal15TestFactoryBaseC2Ev
FNDA:2,_ZN7testing8internal15TestFactoryBaseC2Ev
FN:472,_ZN7testing8internal15TestFactoryImplI19throws_throw_1_TestE10CreateTestEv
FNDA:1,_ZN7testing8internal15TestFactoryImplI19throws_throw_1_TestE10CreateTestEv
FN:472,_ZN7testing8internal15TestFactoryImplI16arif_arif_1_TestE10CreateTestEv
FNDA:1,_ZN7testing8internal15TestFactoryImplI16arif_arif_1_TestE10CreateTestEv
FN:493,_ZN7testing8internal12CodeLocationC2ERKNSt7__cxx1112basic_stringIcSt11char_traitsIcESaIcEEEi
FNDA:2,_ZN7testing8internal12CodeLocationC2ERKNSt7__cxx1112basic_stringIcSt11char_traitsIcESaIcEEEi
FN:506,_ZN7testing8internal19GetNotDefaultOrNullEPFvvES2_
FNDA:8,_ZN7testing8internal19GetNotDefaultOrNullEPFvvES2_
FN:521,_ZN7testing8internal16SuiteApiResolverINS_4TestEE19GetSetUpCaseOrSuiteEPKci
FNDA:2,_ZN7testing8internal16SuiteApiResolverINS_4TestEE19GetSetUpCaseOrSuiteEPKci
FN:542,_ZN7testing8internal16SuiteApiResolverINS_4TestEE22GetTearDownCaseOrSuiteEPKci
FNDA:2,_ZN7testing8internal16SuiteApiResolverINS_4TestEE22GetTearDownCaseOrSuiteEPKci
FN:858,_ZN7testing8internal14TrueWithStringC2Ev
FNDA:3,_ZN7testing8internal14TrueWithStringC2Ev
FN:861,_ZNK7testing8internal14TrueWithStringcvbEv
FNDA:3,_ZNK7testing8internal14TrueWithStringcvbEv
DA:298,112
DA:325,112
DA:328,0
DA:334,112
DA:337,112
DA:346,56
DA:349,56
DA:351,56
DA:352,56
DA:377,112
DA:378,112
DA:380,0
DA:383,112
DA:389,56
DA:391,56
DA:392,56
DA:393,56
DA:454,0
DA:454,2
DA:461,2
DA:472,1
DA:472,1
DA:493,2
DA:494,2
DA:506,8
DA:508,8
DA:521,2
DA:525,2
DA:527,2
DA:529,2
DA:532,0
DA:534,2
DA:542,2
DA:546,2
DA:548,2
DA:550,2
DA:553,0
DA:555,2
DA:858,3
DA:861,3
end_of_record
